0 info it worked if it ends with ok
1 verbose cli [ '/Users/george/.nvm/versions/node/v4.2.0/bin/node',
1 verbose cli   '/Users/george/.nvm/versions/node/v4.2.0/bin/npm',
1 verbose cli   'publish' ]
2 info using npm@2.14.7
3 info using node@v4.2.0
4 verbose publish [ '.' ]
5 silly cache add args [ '.', null ]
6 verbose cache add spec .
7 silly cache add parsed spec Result {
7 silly cache add   raw: '.',
7 silly cache add   scope: null,
7 silly cache add   name: null,
7 silly cache add   rawSpec: '.',
7 silly cache add   spec: '/Users/george/Documents/g3org3/docker-clean',
7 silly cache add   type: 'directory' }
8 verbose addLocalDirectory /Users/george/.npm/docker-clean/0.0.1/package.tgz not in flight; packing
9 verbose tar pack [ '/Users/george/.npm/docker-clean/0.0.1/package.tgz',
9 verbose tar pack   '/Users/george/Documents/g3org3/docker-clean' ]
10 verbose tarball /Users/george/.npm/docker-clean/0.0.1/package.tgz
11 verbose folder /Users/george/Documents/g3org3/docker-clean
12 info prepublish docker-clean@0.0.1
13 verbose addLocalTarball adding from inside cache /Users/george/.npm/docker-clean/0.0.1/package.tgz
14 silly cache afterAdd docker-clean@0.0.1
15 verbose afterAdd /Users/george/.npm/docker-clean/0.0.1/package/package.json not in flight; writing
16 verbose afterAdd /Users/george/.npm/docker-clean/0.0.1/package/package.json written
17 silly publish { name: 'docker-clean',
17 silly publish   version: '0.0.1',
17 silly publish   description: 'docker clean',
17 silly publish   main: 'lib/docker-clean.sh',
17 silly publish   scripts: { test: 'echo "Error: no test specified" && exit 1' },
17 silly publish   repository:
17 silly publish    { type: 'git',
17 silly publish      url: 'git+https://github.com/g3org3/docker-clean.git' },
17 silly publish   keywords: [ 'docker', 'clean', 'docker-clean' ],
17 silly publish   bin: { 'docker-clean': 'lib/docker-clean.sh' },
17 silly publish   author: { name: 'George', email: '7jagjag@gmail.com' },
17 silly publish   license: 'MIT',
17 silly publish   bugs: { url: 'https://github.com/g3org3/docker-clean/issues' },
17 silly publish   homepage: 'https://github.com/g3org3/docker-clean#readme',
17 silly publish   readme: '# docker-clean\n',
17 silly publish   readmeFilename: 'README.md',
17 silly publish   gitHead: 'c31fb967d779b048fbe6b65c5db742e03cea53b5',
17 silly publish   _id: 'docker-clean@0.0.1',
17 silly publish   _shasum: 'b8926da9f331fac9214a2ed3714e3068203b1f79',
17 silly publish   _from: '.' }
18 verbose getPublishConfig undefined
19 silly mapToRegistry name docker-clean
20 silly mapToRegistry using default registry
21 silly mapToRegistry registry https://registry.npmjs.org/
22 silly mapToRegistry uri https://registry.npmjs.org/docker-clean
23 verbose publish registryBase https://registry.npmjs.org/
24 silly publish uploading /Users/george/.npm/docker-clean/0.0.1/package.tgz
25 verbose request uri https://registry.npmjs.org/docker-clean
26 verbose request sending authorization for write operation
27 info attempt registry request try #1 at 8:06:56 AM
28 verbose request using bearer token for auth
29 verbose request id 8cefd55b327fa523
30 http request PUT https://registry.npmjs.org/docker-clean
31 http 403 https://registry.npmjs.org/docker-clean
32 verbose headers { 'content-type': 'application/json',
32 verbose headers   'cache-control': 'max-age=300',
32 verbose headers   'content-length': '106',
32 verbose headers   'accept-ranges': 'bytes',
32 verbose headers   date: 'Thu, 06 Oct 2016 14:06:58 GMT',
32 verbose headers   via: '1.1 varnish',
32 verbose headers   connection: 'keep-alive',
32 verbose headers   'x-served-by': 'cache-iad2634-IAD',
32 verbose headers   'x-cache': 'MISS',
32 verbose headers   'x-cache-hits': '0',
32 verbose headers   'x-timer': 'S1475762818.651287,VS0,VE286',
32 verbose headers   vary: 'Accept-Encoding' }
33 verbose request invalidating /Users/george/.npm/registry.npmjs.org/docker-clean on PUT
34 error publish Failed PUT 403
35 verbose stack Error: you do not have permission to publish "docker-clean". Are you logged in as the correct user? : docker-clean
35 verbose stack     at makeError (/Users/george/.nvm/versions/node/v4.2.0/lib/node_modules/npm/node_modules/npm-registry-client/lib/request.js:264:12)
35 verbose stack     at CachingRegistryClient.<anonymous> (/Users/george/.nvm/versions/node/v4.2.0/lib/node_modules/npm/node_modules/npm-registry-client/lib/request.js:252:14)
35 verbose stack     at Request._callback (/Users/george/.nvm/versions/node/v4.2.0/lib/node_modules/npm/node_modules/npm-registry-client/lib/request.js:172:14)
35 verbose stack     at Request.self.callback (/Users/george/.nvm/versions/node/v4.2.0/lib/node_modules/npm/node_modules/request/request.js:198:22)
35 verbose stack     at emitTwo (events.js:87:13)
35 verbose stack     at Request.emit (events.js:172:7)
35 verbose stack     at Request.<anonymous> (/Users/george/.nvm/versions/node/v4.2.0/lib/node_modules/npm/node_modules/request/request.js:1063:14)
35 verbose stack     at emitOne (events.js:82:20)
35 verbose stack     at Request.emit (events.js:169:7)
35 verbose stack     at IncomingMessage.<anonymous> (/Users/george/.nvm/versions/node/v4.2.0/lib/node_modules/npm/node_modules/request/request.js:1009:12)
36 verbose statusCode 403
37 verbose pkgid docker-clean
38 verbose cwd /Users/george/Documents/g3org3/docker-clean
39 error Darwin 15.6.0
40 error argv "/Users/george/.nvm/versions/node/v4.2.0/bin/node" "/Users/george/.nvm/versions/node/v4.2.0/bin/npm" "publish"
41 error node v4.2.0
42 error npm  v2.14.7
43 error code E403
44 error you do not have permission to publish "docker-clean". Are you logged in as the correct user? : docker-clean
45 error If you need help, you may report this error at:
45 error     <https://github.com/npm/npm/issues>
46 verbose exit [ 1, true ]
